<?xml version="1.0" encoding="UTF-8"?>
<testsuite xmlns:xsi="http://www.w3.org/2001/XMLSchema-instance" xsi:noNamespaceSchemaLocation="https://maven.apache.org/surefire/maven-surefire-plugin/xsd/surefire-test-report-3.0.xsd" version="3.0" name="MainTest" time="0.352" tests="1" errors="0" skipped="0" failures="0">
  <properties>
    <property name="java.specification.version" value="17"/>
    <property name="sun.cpu.isalist" value="amd64"/>
    <property name="sun.jnu.encoding" value="Cp1251"/>
    <property name="java.class.path" value="C:\Users\alkir\IdeaProjects\PP_2_1_4_spring-types-of-wiring\target\test-classes;C:\Users\alkir\IdeaProjects\PP_2_1_4_spring-types-of-wiring\target\classes;C:\Users\alkir\.m2\repository\org\springframework\spring-core\5.3.14\spring-core-5.3.14.jar;C:\Users\alkir\.m2\repository\org\springframework\spring-jcl\5.3.14\spring-jcl-5.3.14.jar;C:\Users\alkir\.m2\repository\org\springframework\spring-context\5.3.14\spring-context-5.3.14.jar;C:\Users\alkir\.m2\repository\org\springframework\spring-aop\5.3.14\spring-aop-5.3.14.jar;C:\Users\alkir\.m2\repository\org\springframework\spring-beans\5.3.14\spring-beans-5.3.14.jar;C:\Users\alkir\.m2\repository\org\springframework\spring-expression\5.3.14\spring-expression-5.3.14.jar;C:\Users\alkir\.m2\repository\org\springframework\spring-test\5.3.14\spring-test-5.3.14.jar;C:\Users\alkir\.m2\repository\org\scalatestplus\junit-4-12_2.13\3.2.2.0\junit-4-12_2.13-3.2.2.0.jar;C:\Users\alkir\.m2\repository\org\scala-lang\scala-library\2.13.3\scala-library-2.13.3.jar;C:\Users\alkir\.m2\repository\org\scalatest\scalatest-core_2.13\3.2.2\scalatest-core_2.13-3.2.2.jar;C:\Users\alkir\.m2\repository\org\scalatest\scalatest-compatible\3.2.2\scalatest-compatible-3.2.2.jar;C:\Users\alkir\.m2\repository\org\scalactic\scalactic_2.13\3.2.2\scalactic_2.13-3.2.2.jar;C:\Users\alkir\.m2\repository\org\scala-lang\scala-reflect\2.13.3\scala-reflect-2.13.3.jar;C:\Users\alkir\.m2\repository\org\scala-lang\modules\scala-xml_2.13\1.2.0\scala-xml_2.13-1.2.0.jar;C:\Users\alkir\.m2\repository\junit\junit\4.12\junit-4.12.jar;C:\Users\alkir\.m2\repository\org\hamcrest\hamcrest-core\1.3\hamcrest-core-1.3.jar;"/>
    <property name="java.vm.vendor" value="Oracle Corporation"/>
    <property name="sun.arch.data.model" value="64"/>
    <property name="user.variant" value=""/>
    <property name="java.vendor.url" value="https://java.oracle.com/"/>
    <property name="user.timezone" value="Europe/Moscow"/>
    <property name="os.name" value="Windows 10"/>
    <property name="java.vm.specification.version" value="17"/>
    <property name="sun.java.launcher" value="SUN_STANDARD"/>
    <property name="user.country" value="RU"/>
    <property name="sun.boot.library.path" value="G:\Java\jdk17\bin"/>
    <property name="sun.java.command" value="C:\Users\alkir\AppData\Local\Temp\surefire16577285179936350820\surefirebooter-20250326022818612_3.jar C:\Users\alkir\AppData\Local\Temp\surefire16577285179936350820 2025-03-26T02-28-18_497-jvmRun1 surefire-20250326022818612_1tmp surefire_0-20250326022818612_2tmp"/>
    <property name="jdk.debug" value="release"/>
    <property name="surefire.test.class.path" value="C:\Users\alkir\IdeaProjects\PP_2_1_4_spring-types-of-wiring\target\test-classes;C:\Users\alkir\IdeaProjects\PP_2_1_4_spring-types-of-wiring\target\classes;C:\Users\alkir\.m2\repository\org\springframework\spring-core\5.3.14\spring-core-5.3.14.jar;C:\Users\alkir\.m2\repository\org\springframework\spring-jcl\5.3.14\spring-jcl-5.3.14.jar;C:\Users\alkir\.m2\repository\org\springframework\spring-context\5.3.14\spring-context-5.3.14.jar;C:\Users\alkir\.m2\repository\org\springframework\spring-aop\5.3.14\spring-aop-5.3.14.jar;C:\Users\alkir\.m2\repository\org\springframework\spring-beans\5.3.14\spring-beans-5.3.14.jar;C:\Users\alkir\.m2\repository\org\springframework\spring-expression\5.3.14\spring-expression-5.3.14.jar;C:\Users\alkir\.m2\repository\org\springframework\spring-test\5.3.14\spring-test-5.3.14.jar;C:\Users\alkir\.m2\repository\org\scalatestplus\junit-4-12_2.13\3.2.2.0\junit-4-12_2.13-3.2.2.0.jar;C:\Users\alkir\.m2\repository\org\scala-lang\scala-library\2.13.3\scala-library-2.13.3.jar;C:\Users\alkir\.m2\repository\org\scalatest\scalatest-core_2.13\3.2.2\scalatest-core_2.13-3.2.2.jar;C:\Users\alkir\.m2\repository\org\scalatest\scalatest-compatible\3.2.2\scalatest-compatible-3.2.2.jar;C:\Users\alkir\.m2\repository\org\scalactic\scalactic_2.13\3.2.2\scalactic_2.13-3.2.2.jar;C:\Users\alkir\.m2\repository\org\scala-lang\scala-reflect\2.13.3\scala-reflect-2.13.3.jar;C:\Users\alkir\.m2\repository\org\scala-lang\modules\scala-xml_2.13\1.2.0\scala-xml_2.13-1.2.0.jar;C:\Users\alkir\.m2\repository\junit\junit\4.12\junit-4.12.jar;C:\Users\alkir\.m2\repository\org\hamcrest\hamcrest-core\1.3\hamcrest-core-1.3.jar;"/>
    <property name="sun.cpu.endian" value="little"/>
    <property name="user.home" value="C:\Users\alkir"/>
    <property name="user.language" value="ru"/>
    <property name="java.specification.vendor" value="Oracle Corporation"/>
    <property name="java.version.date" value="2021-10-19"/>
    <property name="java.home" value="G:\Java\jdk17"/>
    <property name="file.separator" value="\"/>
    <property name="basedir" value="C:\Users\alkir\IdeaProjects\PP_2_1_4_spring-types-of-wiring"/>
    <property name="java.vm.compressedOopsMode" value="Zero based"/>
    <property name="line.separator" value="&#10;"/>
    <property name="java.vm.specification.vendor" value="Oracle Corporation"/>
    <property name="java.specification.name" value="Java Platform API Specification"/>
    <property name="surefire.real.class.path" value="C:\Users\alkir\AppData\Local\Temp\surefire16577285179936350820\surefirebooter-20250326022818612_3.jar"/>
    <property name="user.script" value=""/>
    <property name="sun.management.compiler" value="HotSpot 64-Bit Tiered Compilers"/>
    <property name="java.runtime.version" value="17.0.1+12-39"/>
    <property name="user.name" value="alkir"/>
    <property name="path.separator" value=";"/>
    <property name="os.version" value="10.0"/>
    <property name="java.runtime.name" value="OpenJDK Runtime Environment"/>
    <property name="file.encoding" value="Cp1251"/>
    <property name="java.vm.name" value="OpenJDK 64-Bit Server VM"/>
    <property name="localRepository" value="C:\Users\alkir\.m2\repository"/>
    <property name="java.vendor.url.bug" value="https://bugreport.java.com/bugreport/"/>
    <property name="java.io.tmpdir" value="C:\Users\alkir\AppData\Local\Temp\"/>
    <property name="idea.version" value="2024.2.5"/>
    <property name="java.version" value="17.0.1"/>
    <property name="user.dir" value="C:\Users\alkir\IdeaProjects\PP_2_1_4_spring-types-of-wiring"/>
    <property name="os.arch" value="amd64"/>
    <property name="java.vm.specification.name" value="Java Virtual Machine Specification"/>
    <property name="sun.os.patch.level" value=""/>
    <property name="native.encoding" value="Cp1251"/>
    <property name="java.library.path" value="G:\Java\jdk17\bin;C:\WINDOWS\Sun\Java\bin;C:\WINDOWS\system32;C:\WINDOWS;C:\Program Files (x86)\Common Files\Oracle\Java\javapath;C:\WINDOWS\system32;C:\WINDOWS;C:\WINDOWS\System32\Wbem;C:\WINDOWS\System32\WindowsPowerShell\v1.0\;C:\WINDOWS\System32\OpenSSH\;G:\Java\jdk17\bin;C:\Program Files\NVIDIA Corporation\NVIDIA app\NvDLISR;C:\Program Files (x86)\NVIDIA Corporation\PhysX\Common;C:\Program Files\Git\cmd;C:\Program Files\MySQL\MySQL Shell 8.0\bin\;C:\Users\alkir\AppData\Local\Microsoft\WindowsApps;C:\Users\alkir\AppData\Local\GitHubDesktop\bin;C:\Users\alkir\AppData\Local\JetBrains\Toolbox\scripts;;C:\Program Files\JetBrains\IntelliJ IDEA 2024.2.5\bin;;."/>
    <property name="java.vm.info" value="mixed mode, sharing"/>
    <property name="java.vendor" value="Oracle Corporation"/>
    <property name="java.vm.version" value="17.0.1+12-39"/>
    <property name="sun.io.unicode.encoding" value="UnicodeLittle"/>
    <property name="java.class.version" value="61.0"/>
  </properties>
  <testcase name="mainTest" classname="MainTest" time="0.005">
    <system-out><![CDATA[На свете есть океан , на океане остров , на острове дерево , на дереве заяц , в зайце утка , в утке яйцо , в яйце иголка , смерть Кощея на игле :( koschei.models.Deth8@3116c353
]]></system-out>
    <system-err><![CDATA[мар. 26, 2025 2:28:18 AM org.springframework.test.context.support.AbstractTestContextBootstrapper getDefaultTestExecutionListenerClassNames
INFO: Loaded default TestExecutionListener class names from location [META-INF/spring.factories]: [org.springframework.test.context.web.ServletTestExecutionListener, org.springframework.test.context.support.DirtiesContextBeforeModesTestExecutionListener, org.springframework.test.context.event.ApplicationEventsTestExecutionListener, org.springframework.test.context.support.DependencyInjectionTestExecutionListener, org.springframework.test.context.support.DirtiesContextTestExecutionListener, org.springframework.test.context.transaction.TransactionalTestExecutionListener, org.springframework.test.context.jdbc.SqlScriptsTestExecutionListener, org.springframework.test.context.event.EventPublishingTestExecutionListener]
мар. 26, 2025 2:28:18 AM org.springframework.test.context.support.AbstractTestContextBootstrapper getTestExecutionListeners
INFO: Using TestExecutionListeners: [org.springframework.test.context.support.DirtiesContextBeforeModesTestExecutionListener@1198b989, org.springframework.test.context.event.ApplicationEventsTestExecutionListener@7ff95560, org.springframework.test.context.support.DependencyInjectionTestExecutionListener@add0edd, org.springframework.test.context.support.DirtiesContextTestExecutionListener@2aa3cd93, org.springframework.test.context.event.EventPublishingTestExecutionListener@7ea37dbf]
]]></system-err>
  </testcase>
</testsuite>